<?xml version="1.0" encoding="UTF-8"?>
<testsuite name="org.example.test" tests="1" skipped="0" failures="0" errors="0" timestamp="2023-03-22T14:26:48" hostname="LAPTOP-IFIS2OJ0" time="0.022">
  <properties/>
  <testcase name="tel2En3Op_Verwacht5()" classname="org.example.test" time="0.022"/>
  <system-out><![CDATA[]]></system-out>
  <system-err><![CDATA[]]></system-err>
</testsuite>
